<?xml version="1.0" encoding="UTF-8"?>
<testng-results skipped="0" failed="0" ignored="0" total="1" passed="1">
  <reporter-output>
  </reporter-output>
  <suite name="Default suite" duration-ms="516" started-at="2020-01-21T10:24:45Z" finished-at="2020-01-21T10:24:45Z">
    <groups>
    </groups>
    <test name="Default test" duration-ms="516" started-at="2020-01-21T10:24:45Z" finished-at="2020-01-21T10:24:45Z">
      <class name="practicepart2.writemultiple">
        <test-method status="PASS" signature="Multiple()[pri:0, instance:practicepart2.writemultiple@11438d26]" name="Multiple" duration-ms="500" started-at="2020-01-21T10:24:45Z" finished-at="2020-01-21T10:24:45Z">
          <reporter-output>
          </reporter-output>
        </test-method> <!-- Multiple -->
      </class> <!-- practicepart2.writemultiple -->
    </test> <!-- Default test -->
  </suite> <!-- Default suite -->
</testng-results>
